Build started 10/19/2017 3:37:47 PM.
     1>Project "C:\Users\Alexis\Documents\Visual Studio 2013\Projects\CS32-Project3\CS32-Project3\CS32-Project3.vcxproj" on node 2 (Build target(s)).
     1>ClCompile:
         C:\Program Files (x86)\Microsoft Visual Studio 12.0\VC\bin\CL.exe /c /ZI /nologo /W3 /WX- /sdl /Od /Oy- /D _MBCS /Gm /EHsc /RTC1 /MDd /GS /fp:precise /Zc:wchar_t /Zc:forScope /Fo"Debug\\" /Fd"Debug\vc120.pdb" /Gd /TP /analyze- /errorReport:prompt Dungeon.cpp Game.cpp GameObject.cpp Scrap.cpp actor.cpp main.cpp weapon.cpp
         Skipping... (no relevant changes detected)
         weapon.cpp
         main.cpp
         actor.cpp
         Scrap.cpp
         GameObject.cpp
         Game.cpp
         Dungeon.cpp
       Link:
         C:\Program Files (x86)\Microsoft Visual Studio 12.0\VC\bin\link.exe /ERRORREPORT:PROMPT /OUT:"C:\Users\Alexis\Documents\Visual Studio 2013\Projects\CS32-Project3\Debug\CS32-Project3.exe" /INCREMENTAL /NOLOGO kernel32.lib user32.lib gdi32.lib winspool.lib comdlg32.lib advapi32.lib shell32.lib ole32.lib oleaut32.lib uuid.lib odbc32.lib odbccp32.lib /MANIFEST /MANIFESTUAC:"level='asInvoker' uiAccess='false'" /manifest:embed /DEBUG /PDB:"C:\Users\Alexis\Documents\Visual Studio 2013\Projects\CS32-Project3\Debug\CS32-Project3.pdb" /SUBSYSTEM:CONSOLE /TLBID:1 /DYNAMICBASE /NXCOMPAT /IMPLIB:"C:\Users\Alexis\Documents\Visual Studio 2013\Projects\CS32-Project3\Debug\CS32-Project3.lib" /MACHINE:X86 Debug\actor.obj
         Debug\Dungeon.obj
         Debug\Game.obj
         Debug\GameObject.obj
         Debug\main.obj
         Debug\Scrap.obj
         Debug\utilities.obj
         Debug\weapon.obj
         CS32-Project3.vcxproj -> C:\Users\Alexis\Documents\Visual Studio 2013\Projects\CS32-Project3\Debug\CS32-Project3.exe
     1>Done Building Project "C:\Users\Alexis\Documents\Visual Studio 2013\Projects\CS32-Project3\CS32-Project3\CS32-Project3.vcxproj" (Build target(s)).

Build succeeded.

Time Elapsed 00:00:01.82
